mode: set
github.com/rahulram497/bookings/cmd/web/main.go:24.13,26.18 2 0
github.com/rahulram497/bookings/cmd/web/main.go:26.18,28.3 1 0
github.com/rahulram497/bookings/cmd/web/main.go:30.2,38.16 4 0
github.com/rahulram497/bookings/cmd/web/main.go:41.18,58.16 10 1
github.com/rahulram497/bookings/cmd/web/main.go:58.16,61.3 2 0
github.com/rahulram497/bookings/cmd/web/main.go:63.2,71.12 6 1
github.com/rahulram497/bookings/cmd/web/middleware.go:10.45,21.2 3 1
github.com/rahulram497/bookings/cmd/web/middleware.go:24.50,26.2 1 1
github.com/rahulram497/bookings/cmd/web/routes.go:14.49,38.2 18 1
